  MassSpringSystemSimulator.cpp
C:\Users\moham\OneDrive\Desktop\Exercise1_GamePhysics_Mansuri\gamephysicstemplate\Simulations\util\vectorbase.h(11,1): warning C4005: 'NOMINMAX': macro redefinition
C:\Users\moham\OneDrive\Desktop\Exercise1_GamePhysics_Mansuri\gamephysicstemplate\Simulations\MassSpringSystemSimulator.cpp : message : see previous definition of 'NOMINMAX'
C:\Users\moham\OneDrive\Desktop\Exercise1_GamePhysics_Mansuri\gamephysicstemplate\Simulations\MassSpringSystemSimulator.cpp(54,30): warning C4305: 'argument': truncation from 'double' to 'float'
C:\Users\moham\OneDrive\Desktop\Exercise1_GamePhysics_Mansuri\gamephysicstemplate\Simulations\MassSpringSystemSimulator.cpp(58,33): warning C4305: 'argument': truncation from 'double' to 'float'
C:\Users\moham\OneDrive\Desktop\Exercise1_GamePhysics_Mansuri\gamephysicstemplate\Simulations\MassSpringSystemSimulator.cpp(67,31): warning C4305: 'argument': truncation from 'double' to 'float'
C:\Users\moham\OneDrive\Desktop\Exercise1_GamePhysics_Mansuri\gamephysicstemplate\Simulations\MassSpringSystemSimulator.cpp(76,32): warning C4305: 'argument': truncation from 'double' to 'float'
C:\Users\moham\OneDrive\Desktop\Exercise1_GamePhysics_Mansuri\gamephysicstemplate\Simulations\MassSpringSystemSimulator.cpp(93,23): warning C4305: 'argument': truncation from 'double' to 'float'
C:\Users\moham\OneDrive\Desktop\Exercise1_GamePhysics_Mansuri\gamephysicstemplate\Simulations\MassSpringSystemSimulator.cpp(95,23): warning C4305: 'argument': truncation from 'double' to 'float'
C:\Users\moham\OneDrive\Desktop\Exercise1_GamePhysics_Mansuri\gamephysicstemplate\Simulations\MassSpringSystemSimulator.cpp(97,23): warning C4305: 'argument': truncation from 'double' to 'float'
C:\Users\moham\OneDrive\Desktop\Exercise1_GamePhysics_Mansuri\gamephysicstemplate\Simulations\MassSpringSystemSimulator.cpp(99,23): warning C4305: 'argument': truncation from 'double' to 'float'
C:\Users\moham\OneDrive\Desktop\Exercise1_GamePhysics_Mansuri\gamephysicstemplate\Simulations\MassSpringSystemSimulator.cpp(101,23): warning C4305: 'argument': truncation from 'double' to 'float'
C:\Users\moham\OneDrive\Desktop\Exercise1_GamePhysics_Mansuri\gamephysicstemplate\Simulations\MassSpringSystemSimulator.cpp(103,23): warning C4305: 'argument': truncation from 'double' to 'float'
C:\Users\moham\OneDrive\Desktop\Exercise1_GamePhysics_Mansuri\gamephysicstemplate\Simulations\MassSpringSystemSimulator.cpp(105,23): warning C4305: 'argument': truncation from 'double' to 'float'
C:\Users\moham\OneDrive\Desktop\Exercise1_GamePhysics_Mansuri\gamephysicstemplate\Simulations\MassSpringSystemSimulator.cpp(143,20): warning C4018: '<': signed/unsigned mismatch
C:\Users\moham\OneDrive\Desktop\Exercise1_GamePhysics_Mansuri\gamephysicstemplate\Simulations\MassSpringSystemSimulator.cpp(347,21): warning C4244: '=': conversion from 'double' to 'float', possible loss of data
C:\Users\moham\OneDrive\Desktop\Exercise1_GamePhysics_Mansuri\gamephysicstemplate\Simulations\MassSpringSystemSimulator.cpp(395,21): warning C4244: '=': conversion from 'double' to 'float', possible loss of data
C:\Users\moham\OneDrive\Desktop\Exercise1_GamePhysics_Mansuri\gamephysicstemplate\Simulations\util\vectorbase.h(204,36): warning C4244: 'argument': conversion from 'const Scalar' to 'float', possible loss of data
          with
          [
              Scalar=GamePhysics::Real
          ]
C:\Users\moham\OneDrive\Desktop\Exercise1_GamePhysics_Mansuri\gamephysicstemplate\Simulations\util\vectorbase.h(203): message : while compiling class template member function 'DirectX::XMVECTOR GamePhysics::vector3Dim<GamePhysics::Real>::toDirectXVector(void) const'
C:\Users\moham\OneDrive\Desktop\Exercise1_GamePhysics_Mansuri\gamephysicstemplate\Simulations\DrawingUtilitiesClass.h(285): message : see reference to function template instantiation 'DirectX::XMVECTOR GamePhysics::vector3Dim<GamePhysics::Real>::toDirectXVector(void) const' being compiled
C:\Users\moham\OneDrive\Desktop\Exercise1_GamePhysics_Mansuri\gamephysicstemplate\Simulations\util\vectorbase.h(859): message : see reference to class template instantiation 'GamePhysics::vector3Dim<GamePhysics::Real>' being compiled
C:\Users\moham\OneDrive\Desktop\Exercise1_GamePhysics_Mansuri\gamephysicstemplate\Simulations\util\vectorbase.h(204,34): warning C4244: 'argument': conversion from 'const Scalar' to 'float', possible loss of data
          with
          [
              Scalar=GamePhysics::Real
          ]
C:\Users\moham\OneDrive\Desktop\Exercise1_GamePhysics_Mansuri\gamephysicstemplate\Simulations\util\vectorbase.h(204,32): warning C4244: 'argument': conversion from 'const Scalar' to 'float', possible loss of data
          with
          [
              Scalar=GamePhysics::Real
          ]
C:\Users\moham\OneDrive\Desktop\Exercise1_GamePhysics_Mansuri\gamephysicstemplate\Simulations\util\matrixbase.h(777,79): warning C4244: 'argument': conversion from 'Scalar' to 'float', possible loss of data
          with
          [
              Scalar=double
          ]
C:\Users\moham\OneDrive\Desktop\Exercise1_GamePhysics_Mansuri\gamephysicstemplate\Simulations\util\matrixbase.h(773): message : while compiling class template member function 'DirectX::XMMATRIX GamePhysics::matrix4x4<double>::toDirectXMatrix(void)'
C:\Users\moham\OneDrive\Desktop\Exercise1_GamePhysics_Mansuri\gamephysicstemplate\Simulations\DrawingUtilitiesClass.h(380): message : see reference to function template instantiation 'DirectX::XMMATRIX GamePhysics::matrix4x4<double>::toDirectXMatrix(void)' being compiled
C:\Users\moham\OneDrive\Desktop\Exercise1_GamePhysics_Mansuri\gamephysicstemplate\Simulations\DrawingUtilitiesClass.h(379): message : see reference to class template instantiation 'GamePhysics::matrix4x4<double>' being compiled
C:\Users\moham\OneDrive\Desktop\Exercise1_GamePhysics_Mansuri\gamephysicstemplate\Simulations\util\matrixbase.h(777,61): warning C4244: 'argument': conversion from 'Scalar' to 'float', possible loss of data
          with
          [
              Scalar=double
          ]
C:\Users\moham\OneDrive\Desktop\Exercise1_GamePhysics_Mansuri\gamephysicstemplate\Simulations\util\matrixbase.h(777,43): warning C4244: 'argument': conversion from 'Scalar' to 'float', possible loss of data
          with
          [
              Scalar=double
          ]
C:\Users\moham\OneDrive\Desktop\Exercise1_GamePhysics_Mansuri\gamephysicstemplate\Simulations\util\matrixbase.h(777,25): warning C4244: 'argument': conversion from 'Scalar' to 'float', possible loss of data
          with
          [
              Scalar=double
          ]
C:\Users\moham\OneDrive\Desktop\Exercise1_GamePhysics_Mansuri\gamephysicstemplate\Simulations\util\matrixbase.h(776,79): warning C4244: 'argument': conversion from 'Scalar' to 'float', possible loss of data
          with
          [
              Scalar=double
          ]
C:\Users\moham\OneDrive\Desktop\Exercise1_GamePhysics_Mansuri\gamephysicstemplate\Simulations\util\matrixbase.h(776,61): warning C4244: 'argument': conversion from 'Scalar' to 'float', possible loss of data
          with
          [
              Scalar=double
          ]
C:\Users\moham\OneDrive\Desktop\Exercise1_GamePhysics_Mansuri\gamephysicstemplate\Simulations\util\matrixbase.h(776,43): warning C4244: 'argument': conversion from 'Scalar' to 'float', possible loss of data
          with
          [
              Scalar=double
          ]
C:\Users\moham\OneDrive\Desktop\Exercise1_GamePhysics_Mansuri\gamephysicstemplate\Simulations\util\matrixbase.h(776,25): warning C4244: 'argument': conversion from 'Scalar' to 'float', possible loss of data
          with
          [
              Scalar=double
          ]
C:\Users\moham\OneDrive\Desktop\Exercise1_GamePhysics_Mansuri\gamephysicstemplate\Simulations\util\matrixbase.h(775,79): warning C4244: 'argument': conversion from 'Scalar' to 'float', possible loss of data
          with
          [
              Scalar=double
          ]
C:\Users\moham\OneDrive\Desktop\Exercise1_GamePhysics_Mansuri\gamephysicstemplate\Simulations\util\matrixbase.h(775,61): warning C4244: 'argument': conversion from 'Scalar' to 'float', possible loss of data
          with
          [
              Scalar=double
          ]
C:\Users\moham\OneDrive\Desktop\Exercise1_GamePhysics_Mansuri\gamephysicstemplate\Simulations\util\matrixbase.h(775,43): warning C4244: 'argument': conversion from 'Scalar' to 'float', possible loss of data
          with
          [
              Scalar=double
          ]
C:\Users\moham\OneDrive\Desktop\Exercise1_GamePhysics_Mansuri\gamephysicstemplate\Simulations\util\matrixbase.h(775,25): warning C4244: 'argument': conversion from 'Scalar' to 'float', possible loss of data
          with
          [
              Scalar=double
          ]
C:\Users\moham\OneDrive\Desktop\Exercise1_GamePhysics_Mansuri\gamephysicstemplate\Simulations\util\matrixbase.h(774,97): warning C4244: 'argument': conversion from 'Scalar' to 'float', possible loss of data
          with
          [
              Scalar=double
          ]
C:\Users\moham\OneDrive\Desktop\Exercise1_GamePhysics_Mansuri\gamephysicstemplate\Simulations\util\matrixbase.h(774,79): warning C4244: 'argument': conversion from 'Scalar' to 'float', possible loss of data
          with
          [
              Scalar=double
          ]
C:\Users\moham\OneDrive\Desktop\Exercise1_GamePhysics_Mansuri\gamephysicstemplate\Simulations\util\matrixbase.h(774,61): warning C4244: 'argument': conversion from 'Scalar' to 'float', possible loss of data
          with
          [
              Scalar=double
          ]
C:\Users\moham\OneDrive\Desktop\Exercise1_GamePhysics_Mansuri\gamephysicstemplate\Simulations\util\matrixbase.h(774,43): warning C4244: 'argument': conversion from 'Scalar' to 'float', possible loss of data
          with
          [
              Scalar=double
          ]
  Demo_2017.vcxproj -> C:\Users\moham\OneDrive\Desktop\Exercise1_GamePhysics_Mansuri\gamephysicstemplate\Win32\Debug\Simulations.lib
